[debug] [2025-05-12T10:26:55.575Z] ----------------------------------------------------------------------
[debug] [2025-05-12T10:26:55.581Z] Command:       C:\Program Files\nodejs\node.exe C:\Users\Lenovo\AppData\Roaming\npm\node_modules\firebase-tools\lib\bin\firebase.js init
[debug] [2025-05-12T10:26:55.582Z] CLI Version:   14.3.1
[debug] [2025-05-12T10:26:55.582Z] Platform:      win32
[debug] [2025-05-12T10:26:55.582Z] Node Version:  v20.19.1
[debug] [2025-05-12T10:26:55.582Z] Time:          Mon May 12 2025 15:56:55 GMT+0530 (India Standard Time)
[debug] [2025-05-12T10:26:55.583Z] ----------------------------------------------------------------------
[debug] 
[debug] [2025-05-12T10:26:55.594Z] > command requires scopes: ["email","openid","https://www.googleapis.com/auth/cloudplatformprojects.readonly","https://www.googleapis.com/auth/firebase","https://www.googleapis.com/auth/cloud-platform"]
[debug] [2025-05-12T10:26:55.595Z] > authorizing via signed-in user (tanmayjadhav.52001@gmail.com)
[info] 
     ######## #### ########  ######## ########     ###     ######  ########
     ##        ##  ##     ## ##       ##     ##  ##   ##  ##       ##
     ######    ##  ########  ######   ########  #########  ######  ######
     ##        ##  ##    ##  ##       ##     ## ##     ##       ## ##
     ##       #### ##     ## ######## ########  ##     ##  ######  ########

You're about to initialize a Firebase project in this directory:

  C:\Users\Lenovo\Desktop\Playlist Generate

[info] 
=== Project Setup
[info] 
[info] First, let's associate this project directory with a Firebase project.
[info] You can create multiple project aliases by running firebase use --add, 
[info] but for now we'll just set up a default project.
[info] 
[debug] [2025-05-12T10:27:26.306Z] ExitPromptError: User force closed the prompt with SIGINT
    at Interface.sigint (C:\Users\Lenovo\AppData\Roaming\npm\node_modules\firebase-tools\node_modules\@inquirer\core\dist\commonjs\lib\create-prompt.js:100:37)
    at Interface.emit (node:events:524:28)
    at Interface.emit (node:domain:489:12)
    at [_ttyWrite] [as _ttyWrite] (node:internal/readline/interface:1125:18)
    at ReadStream.onkeypress (node:internal/readline/interface:264:20)
    at ReadStream.emit (node:events:536:35)
    at ReadStream.emit (node:domain:489:12)
    at emitKeys (node:internal/readline/utils:371:14)
    at emitKeys.next (<anonymous>)
    at ReadStream.onData (node:internal/readline/emitKeypressEvents:64:36)
[error] 
[error] Error: An unexpected error has occurred.
